#Round1
RedPrice = 1.1                          BluePrice = 1.0
RedSupply = 1005555.555                 BlueSupply = 994444.444
TotalSupply = 2000000.000
----------------------------------------------------------------------

#Round2
RedPrice = 1.2                          BluePrice = 0.7
RedSupply = 1023099.415                 BlueSupply = 976900.585
TotalSupply = 2000000.000
----------------------------------------------------------------------

#Round3
RedPrice = 12                          BluePrice = 22
RedSupply = 964275.886                 BlueSupply = 1035724.114
TotalSupply = 2000000.000
----------------------------------------------------------------------

#Round4
RedPrice = 17                          BluePrice = 12
RedSupply = 977538.485                 BlueSupply = 1022461.515
TotalSupply = 2000000.000
----------------------------------------------------------------------
